CRITICAL - 2023-10-02 01:42:46 --> Undefined variable $products
in APPPATH\Views\AllAdmin\Inventory.php on line 1.
 1 APPPATH\Views\AllAdmin\Inventory.php(1): CodeIgniter\Debug\Exceptions->errorHandler(2, 'Undefined variable $products', 'C:\\laragon\\www\\Ecommerce\\app\\Views\\AllAdmin\\Inventory.php', 1)
 2 SYSTEMPATH\View\View.php(226): include('C:\\laragon\\www\\Ecommerce\\app\\Views\\AllAdmin\\Inventory.php')
 3 SYSTEMPATH\View\View.php(229): CodeIgniter\View\View->CodeIgniter\View\{closure}()
 4 SYSTEMPATH\Common.php(1188): CodeIgniter\View\View->render('AllAdmin/Inventory', [], true)
 5 APPPATH\Controllers\AdminController.php(18): view('AllAdmin/Inventory')
 6 SYSTEMPATH\CodeIgniter.php(919): App\Controllers\AdminController->Inventory()
 7 SYSTEMPATH\CodeIgniter.php(494): CodeIgniter\CodeIgniter->runController(Object(App\Controllers\AdminController))
 8 SYSTEMPATH\CodeIgniter.php(353): CodeIgniter\CodeIgniter->handleRequest(null, Object(Config\Cache), false)
 9 FCPATH\index.php(79): CodeIgniter\CodeIgniter->run()
10 SYSTEMPATH\Commands\Server\rewrite.php(47): require_once('C:\\laragon\\www\\Ecommerce\\public\\index.php')
CRITICAL - 2023-10-02 01:45:03 --> Undefined variable $products
in APPPATH\Views\AllAdmin\Inventory.php on line 1.
 1 APPPATH\Views\AllAdmin\Inventory.php(1): CodeIgniter\Debug\Exceptions->errorHandler(2, 'Undefined variable $products', 'C:\\laragon\\www\\Ecommerce\\app\\Views\\AllAdmin\\Inventory.php', 1)
 2 SYSTEMPATH\View\View.php(226): include('C:\\laragon\\www\\Ecommerce\\app\\Views\\AllAdmin\\Inventory.php')
 3 SYSTEMPATH\View\View.php(229): CodeIgniter\View\View->CodeIgniter\View\{closure}()
 4 SYSTEMPATH\Common.php(1188): CodeIgniter\View\View->render('AllAdmin/Inventory', [], true)
 5 APPPATH\Controllers\AdminController.php(18): view('AllAdmin/Inventory')
 6 SYSTEMPATH\CodeIgniter.php(919): App\Controllers\AdminController->Inventory()
 7 SYSTEMPATH\CodeIgniter.php(494): CodeIgniter\CodeIgniter->runController(Object(App\Controllers\AdminController))
 8 SYSTEMPATH\CodeIgniter.php(353): CodeIgniter\CodeIgniter->handleRequest(null, Object(Config\Cache), false)
 9 FCPATH\index.php(79): CodeIgniter\CodeIgniter->run()
10 SYSTEMPATH\Commands\Server\rewrite.php(47): require_once('C:\\laragon\\www\\Ecommerce\\public\\index.php')
CRITICAL - 2023-10-02 01:45:03 --> Undefined variable $products
in APPPATH\Views\AllAdmin\Inventory.php on line 1.
 1 APPPATH\Views\AllAdmin\Inventory.php(1): CodeIgniter\Debug\Exceptions->errorHandler(2, 'Undefined variable $products', 'C:\\laragon\\www\\Ecommerce\\app\\Views\\AllAdmin\\Inventory.php', 1)
 2 SYSTEMPATH\View\View.php(226): include('C:\\laragon\\www\\Ecommerce\\app\\Views\\AllAdmin\\Inventory.php')
 3 SYSTEMPATH\View\View.php(229): CodeIgniter\View\View->CodeIgniter\View\{closure}()
 4 SYSTEMPATH\Common.php(1188): CodeIgniter\View\View->render('AllAdmin/Inventory', [], true)
 5 APPPATH\Controllers\AdminController.php(18): view('AllAdmin/Inventory')
 6 SYSTEMPATH\CodeIgniter.php(919): App\Controllers\AdminController->Inventory()
 7 SYSTEMPATH\CodeIgniter.php(494): CodeIgniter\CodeIgniter->runController(Object(App\Controllers\AdminController))
 8 SYSTEMPATH\CodeIgniter.php(353): CodeIgniter\CodeIgniter->handleRequest(null, Object(Config\Cache), false)
 9 FCPATH\index.php(79): CodeIgniter\CodeIgniter->run()
10 SYSTEMPATH\Commands\Server\rewrite.php(47): require_once('C:\\laragon\\www\\Ecommerce\\public\\index.php')
CRITICAL - 2023-10-02 01:45:04 --> Undefined variable $products
in APPPATH\Views\AllAdmin\Inventory.php on line 1.
 1 APPPATH\Views\AllAdmin\Inventory.php(1): CodeIgniter\Debug\Exceptions->errorHandler(2, 'Undefined variable $products', 'C:\\laragon\\www\\Ecommerce\\app\\Views\\AllAdmin\\Inventory.php', 1)
 2 SYSTEMPATH\View\View.php(226): include('C:\\laragon\\www\\Ecommerce\\app\\Views\\AllAdmin\\Inventory.php')
 3 SYSTEMPATH\View\View.php(229): CodeIgniter\View\View->CodeIgniter\View\{closure}()
 4 SYSTEMPATH\Common.php(1188): CodeIgniter\View\View->render('AllAdmin/Inventory', [], true)
 5 APPPATH\Controllers\AdminController.php(18): view('AllAdmin/Inventory')
 6 SYSTEMPATH\CodeIgniter.php(919): App\Controllers\AdminController->Inventory()
 7 SYSTEMPATH\CodeIgniter.php(494): CodeIgniter\CodeIgniter->runController(Object(App\Controllers\AdminController))
 8 SYSTEMPATH\CodeIgniter.php(353): CodeIgniter\CodeIgniter->handleRequest(null, Object(Config\Cache), false)
 9 FCPATH\index.php(79): CodeIgniter\CodeIgniter->run()
10 SYSTEMPATH\Commands\Server\rewrite.php(47): require_once('C:\\laragon\\www\\Ecommerce\\public\\index.php')
CRITICAL - 2023-10-02 02:12:28 --> Undefined variable $product
in APPPATH\Views\AllAdmin\Inventory.php on line 121.
 1 APPPATH\Views\AllAdmin\Inventory.php(121): CodeIgniter\Debug\Exceptions->errorHandler(2, 'Undefined variable $product', 'C:\\laragon\\www\\Ecommerce\\app\\Views\\AllAdmin\\Inventory.php', 121)
 2 SYSTEMPATH\View\View.php(226): include('C:\\laragon\\www\\Ecommerce\\app\\Views\\AllAdmin\\Inventory.php')
 3 SYSTEMPATH\View\View.php(229): CodeIgniter\View\View->CodeIgniter\View\{closure}()
 4 SYSTEMPATH\Common.php(1188): CodeIgniter\View\View->render('AllAdmin/Inventory', [], true)
 5 APPPATH\Controllers\AdminController.php(77): view('AllAdmin/Inventory')
 6 SYSTEMPATH\CodeIgniter.php(919): App\Controllers\AdminController->Inventory()
 7 SYSTEMPATH\CodeIgniter.php(494): CodeIgniter\CodeIgniter->runController(Object(App\Controllers\AdminController))
 8 SYSTEMPATH\CodeIgniter.php(353): CodeIgniter\CodeIgniter->handleRequest(null, Object(Config\Cache), false)
 9 FCPATH\index.php(79): CodeIgniter\CodeIgniter->run()
10 SYSTEMPATH\Commands\Server\rewrite.php(47): require_once('C:\\laragon\\www\\Ecommerce\\public\\index.php')
CRITICAL - 2023-10-02 02:16:53 --> Undefined variable $product
in APPPATH\Views\AllAdmin\Inventory.php on line 121.
 1 APPPATH\Views\AllAdmin\Inventory.php(121): CodeIgniter\Debug\Exceptions->errorHandler(2, 'Undefined variable $product', 'C:\\laragon\\www\\Ecommerce\\app\\Views\\AllAdmin\\Inventory.php', 121)
 2 SYSTEMPATH\View\View.php(226): include('C:\\laragon\\www\\Ecommerce\\app\\Views\\AllAdmin\\Inventory.php')
 3 SYSTEMPATH\View\View.php(229): CodeIgniter\View\View->CodeIgniter\View\{closure}()
 4 SYSTEMPATH\Common.php(1188): CodeIgniter\View\View->render('AllAdmin/Inventory', [], true)
 5 APPPATH\Controllers\AdminController.php(77): view('AllAdmin/Inventory')
 6 SYSTEMPATH\CodeIgniter.php(919): App\Controllers\AdminController->Inventory()
 7 SYSTEMPATH\CodeIgniter.php(494): CodeIgniter\CodeIgniter->runController(Object(App\Controllers\AdminController))
 8 SYSTEMPATH\CodeIgniter.php(353): CodeIgniter\CodeIgniter->handleRequest(null, Object(Config\Cache), false)
 9 FCPATH\index.php(79): CodeIgniter\CodeIgniter->run()
10 SYSTEMPATH\Commands\Server\rewrite.php(47): require_once('C:\\laragon\\www\\Ecommerce\\public\\index.php')
CRITICAL - 2023-10-02 02:16:54 --> Undefined variable $product
in APPPATH\Views\AllAdmin\Inventory.php on line 121.
 1 APPPATH\Views\AllAdmin\Inventory.php(121): CodeIgniter\Debug\Exceptions->errorHandler(2, 'Undefined variable $product', 'C:\\laragon\\www\\Ecommerce\\app\\Views\\AllAdmin\\Inventory.php', 121)
 2 SYSTEMPATH\View\View.php(226): include('C:\\laragon\\www\\Ecommerce\\app\\Views\\AllAdmin\\Inventory.php')
 3 SYSTEMPATH\View\View.php(229): CodeIgniter\View\View->CodeIgniter\View\{closure}()
 4 SYSTEMPATH\Common.php(1188): CodeIgniter\View\View->render('AllAdmin/Inventory', [], true)
 5 APPPATH\Controllers\AdminController.php(77): view('AllAdmin/Inventory')
 6 SYSTEMPATH\CodeIgniter.php(919): App\Controllers\AdminController->Inventory()
 7 SYSTEMPATH\CodeIgniter.php(494): CodeIgniter\CodeIgniter->runController(Object(App\Controllers\AdminController))
 8 SYSTEMPATH\CodeIgniter.php(353): CodeIgniter\CodeIgniter->handleRequest(null, Object(Config\Cache), false)
 9 FCPATH\index.php(79): CodeIgniter\CodeIgniter->run()
10 SYSTEMPATH\Commands\Server\rewrite.php(47): require_once('C:\\laragon\\www\\Ecommerce\\public\\index.php')
CRITICAL - 2023-10-02 02:16:55 --> Undefined variable $product
in APPPATH\Views\AllAdmin\Inventory.php on line 121.
 1 APPPATH\Views\AllAdmin\Inventory.php(121): CodeIgniter\Debug\Exceptions->errorHandler(2, 'Undefined variable $product', 'C:\\laragon\\www\\Ecommerce\\app\\Views\\AllAdmin\\Inventory.php', 121)
 2 SYSTEMPATH\View\View.php(226): include('C:\\laragon\\www\\Ecommerce\\app\\Views\\AllAdmin\\Inventory.php')
 3 SYSTEMPATH\View\View.php(229): CodeIgniter\View\View->CodeIgniter\View\{closure}()
 4 SYSTEMPATH\Common.php(1188): CodeIgniter\View\View->render('AllAdmin/Inventory', [], true)
 5 APPPATH\Controllers\AdminController.php(77): view('AllAdmin/Inventory')
 6 SYSTEMPATH\CodeIgniter.php(919): App\Controllers\AdminController->Inventory()
 7 SYSTEMPATH\CodeIgniter.php(494): CodeIgniter\CodeIgniter->runController(Object(App\Controllers\AdminController))
 8 SYSTEMPATH\CodeIgniter.php(353): CodeIgniter\CodeIgniter->handleRequest(null, Object(Config\Cache), false)
 9 FCPATH\index.php(79): CodeIgniter\CodeIgniter->run()
10 SYSTEMPATH\Commands\Server\rewrite.php(47): require_once('C:\\laragon\\www\\Ecommerce\\public\\index.php')
CRITICAL - 2023-10-02 02:20:19 --> Undefined variable $products
in APPPATH\Views\AllAdmin\Inventory.php on line 121.
 1 APPPATH\Views\AllAdmin\Inventory.php(121): CodeIgniter\Debug\Exceptions->errorHandler(2, 'Undefined variable $products', 'C:\\laragon\\www\\Ecommerce\\app\\Views\\AllAdmin\\Inventory.php', 121)
 2 SYSTEMPATH\View\View.php(226): include('C:\\laragon\\www\\Ecommerce\\app\\Views\\AllAdmin\\Inventory.php')
 3 SYSTEMPATH\View\View.php(229): CodeIgniter\View\View->CodeIgniter\View\{closure}()
 4 SYSTEMPATH\Common.php(1188): CodeIgniter\View\View->render('AllAdmin/Inventory', [], true)
 5 APPPATH\Controllers\AdminController.php(77): view('AllAdmin/Inventory')
 6 SYSTEMPATH\CodeIgniter.php(919): App\Controllers\AdminController->Inventory()
 7 SYSTEMPATH\CodeIgniter.php(494): CodeIgniter\CodeIgniter->runController(Object(App\Controllers\AdminController))
 8 SYSTEMPATH\CodeIgniter.php(353): CodeIgniter\CodeIgniter->handleRequest(null, Object(Config\Cache), false)
 9 FCPATH\index.php(79): CodeIgniter\CodeIgniter->run()
10 SYSTEMPATH\Commands\Server\rewrite.php(47): require_once('C:\\laragon\\www\\Ecommerce\\public\\index.php')
CRITICAL - 2023-10-02 02:47:10 --> Call to a member function isValid() on null
in APPPATH\Controllers\AdminController.php on line 76.
 1 SYSTEMPATH\CodeIgniter.php(919): App\Controllers\AdminController->addProduct()
 2 SYSTEMPATH\CodeIgniter.php(494): CodeIgniter\CodeIgniter->runController(Object(App\Controllers\AdminController))
 3 SYSTEMPATH\CodeIgniter.php(353): CodeIgniter\CodeIgniter->handleRequest(null, Object(Config\Cache), false)
 4 FCPATH\index.php(79): CodeIgniter\CodeIgniter->run()
 5 SYSTEMPATH\Commands\Server\rewrite.php(47): require_once('C:\\laragon\\www\\Ecommerce\\public\\index.php')
CRITICAL - 2023-10-02 02:54:12 --> Undefined variable $product
in APPPATH\Views\AllAdmin\View.php on line 12.
 1 APPPATH\Views\AllAdmin\View.php(12): CodeIgniter\Debug\Exceptions->errorHandler(2, 'Undefined variable $product', 'C:\\laragon\\www\\Ecommerce\\app\\Views\\AllAdmin\\View.php', 12)
 2 APPPATH\Views\AllAdmin\Inventory.php(50): include('C:\\laragon\\www\\Ecommerce\\app\\Views\\AllAdmin\\View.php')
 3 SYSTEMPATH\View\View.php(226): include('C:\\laragon\\www\\Ecommerce\\app\\Views\\AllAdmin\\Inventory.php')
 4 SYSTEMPATH\View\View.php(229): CodeIgniter\View\View->CodeIgniter\View\{closure}()
 5 SYSTEMPATH\Common.php(1188): CodeIgniter\View\View->render('AllAdmin/Inventory', [], true)
 6 APPPATH\Controllers\AdminController.php(18): view('AllAdmin/Inventory')
 7 SYSTEMPATH\CodeIgniter.php(919): App\Controllers\AdminController->Inventory()
 8 SYSTEMPATH\CodeIgniter.php(494): CodeIgniter\CodeIgniter->runController(Object(App\Controllers\AdminController))
 9 SYSTEMPATH\CodeIgniter.php(353): CodeIgniter\CodeIgniter->handleRequest(null, Object(Config\Cache), false)
10 FCPATH\index.php(79): CodeIgniter\CodeIgniter->run()
11 SYSTEMPATH\Commands\Server\rewrite.php(47): require_once('C:\\laragon\\www\\Ecommerce\\public\\index.php')
CRITICAL - 2023-10-02 03:01:37 --> Undefined variable $product
in APPPATH\Views\AllAdmin\View.php on line 12.
 1 APPPATH\Views\AllAdmin\View.php(12): CodeIgniter\Debug\Exceptions->errorHandler(2, 'Undefined variable $product', 'C:\\laragon\\www\\Ecommerce\\app\\Views\\AllAdmin\\View.php', 12)
 2 APPPATH\Views\AllAdmin\Inventory.php(53): include('C:\\laragon\\www\\Ecommerce\\app\\Views\\AllAdmin\\View.php')
 3 SYSTEMPATH\View\View.php(226): include('C:\\laragon\\www\\Ecommerce\\app\\Views\\AllAdmin\\Inventory.php')
 4 SYSTEMPATH\View\View.php(229): CodeIgniter\View\View->CodeIgniter\View\{closure}()
 5 SYSTEMPATH\Common.php(1188): CodeIgniter\View\View->render('AllAdmin/Inventory', [], true)
 6 APPPATH\Controllers\AdminController.php(18): view('AllAdmin/Inventory')
 7 SYSTEMPATH\CodeIgniter.php(919): App\Controllers\AdminController->Inventory()
 8 SYSTEMPATH\CodeIgniter.php(494): CodeIgniter\CodeIgniter->runController(Object(App\Controllers\AdminController))
 9 SYSTEMPATH\CodeIgniter.php(353): CodeIgniter\CodeIgniter->handleRequest(null, Object(Config\Cache), false)
10 FCPATH\index.php(79): CodeIgniter\CodeIgniter->run()
11 SYSTEMPATH\Commands\Server\rewrite.php(47): require_once('C:\\laragon\\www\\Ecommerce\\public\\index.php')
CRITICAL - 2023-10-02 03:01:37 --> Undefined variable $product
in APPPATH\Views\AllAdmin\View.php on line 12.
 1 APPPATH\Views\AllAdmin\View.php(12): CodeIgniter\Debug\Exceptions->errorHandler(2, 'Undefined variable $product', 'C:\\laragon\\www\\Ecommerce\\app\\Views\\AllAdmin\\View.php', 12)
 2 APPPATH\Views\AllAdmin\Inventory.php(53): include('C:\\laragon\\www\\Ecommerce\\app\\Views\\AllAdmin\\View.php')
 3 SYSTEMPATH\View\View.php(226): include('C:\\laragon\\www\\Ecommerce\\app\\Views\\AllAdmin\\Inventory.php')
 4 SYSTEMPATH\View\View.php(229): CodeIgniter\View\View->CodeIgniter\View\{closure}()
 5 SYSTEMPATH\Common.php(1188): CodeIgniter\View\View->render('AllAdmin/Inventory', [], true)
 6 APPPATH\Controllers\AdminController.php(18): view('AllAdmin/Inventory')
 7 SYSTEMPATH\CodeIgniter.php(919): App\Controllers\AdminController->Inventory()
 8 SYSTEMPATH\CodeIgniter.php(494): CodeIgniter\CodeIgniter->runController(Object(App\Controllers\AdminController))
 9 SYSTEMPATH\CodeIgniter.php(353): CodeIgniter\CodeIgniter->handleRequest(null, Object(Config\Cache), false)
10 FCPATH\index.php(79): CodeIgniter\CodeIgniter->run()
11 SYSTEMPATH\Commands\Server\rewrite.php(47): require_once('C:\\laragon\\www\\Ecommerce\\public\\index.php')
CRITICAL - 2023-10-02 03:01:38 --> Undefined variable $product
in APPPATH\Views\AllAdmin\View.php on line 12.
 1 APPPATH\Views\AllAdmin\View.php(12): CodeIgniter\Debug\Exceptions->errorHandler(2, 'Undefined variable $product', 'C:\\laragon\\www\\Ecommerce\\app\\Views\\AllAdmin\\View.php', 12)
 2 APPPATH\Views\AllAdmin\Inventory.php(53): include('C:\\laragon\\www\\Ecommerce\\app\\Views\\AllAdmin\\View.php')
 3 SYSTEMPATH\View\View.php(226): include('C:\\laragon\\www\\Ecommerce\\app\\Views\\AllAdmin\\Inventory.php')
 4 SYSTEMPATH\View\View.php(229): CodeIgniter\View\View->CodeIgniter\View\{closure}()
 5 SYSTEMPATH\Common.php(1188): CodeIgniter\View\View->render('AllAdmin/Inventory', [], true)
 6 APPPATH\Controllers\AdminController.php(18): view('AllAdmin/Inventory')
 7 SYSTEMPATH\CodeIgniter.php(919): App\Controllers\AdminController->Inventory()
 8 SYSTEMPATH\CodeIgniter.php(494): CodeIgniter\CodeIgniter->runController(Object(App\Controllers\AdminController))
 9 SYSTEMPATH\CodeIgniter.php(353): CodeIgniter\CodeIgniter->handleRequest(null, Object(Config\Cache), false)
10 FCPATH\index.php(79): CodeIgniter\CodeIgniter->run()
11 SYSTEMPATH\Commands\Server\rewrite.php(47): require_once('C:\\laragon\\www\\Ecommerce\\public\\index.php')
CRITICAL - 2023-10-02 03:02:22 --> Undefined variable $product
in APPPATH\Views\AllAdmin\View.php on line 12.
 1 APPPATH\Views\AllAdmin\View.php(12): CodeIgniter\Debug\Exceptions->errorHandler(2, 'Undefined variable $product', 'C:\\laragon\\www\\Ecommerce\\app\\Views\\AllAdmin\\View.php', 12)
 2 APPPATH\Views\AllAdmin\Inventory.php(53): include('C:\\laragon\\www\\Ecommerce\\app\\Views\\AllAdmin\\View.php')
 3 SYSTEMPATH\View\View.php(226): include('C:\\laragon\\www\\Ecommerce\\app\\Views\\AllAdmin\\Inventory.php')
 4 SYSTEMPATH\View\View.php(229): CodeIgniter\View\View->CodeIgniter\View\{closure}()
 5 SYSTEMPATH\Common.php(1188): CodeIgniter\View\View->render('AllAdmin/Inventory', [], true)
 6 APPPATH\Controllers\AdminController.php(18): view('AllAdmin/Inventory')
 7 SYSTEMPATH\CodeIgniter.php(919): App\Controllers\AdminController->Inventory()
 8 SYSTEMPATH\CodeIgniter.php(494): CodeIgniter\CodeIgniter->runController(Object(App\Controllers\AdminController))
 9 SYSTEMPATH\CodeIgniter.php(353): CodeIgniter\CodeIgniter->handleRequest(null, Object(Config\Cache), false)
10 FCPATH\index.php(79): CodeIgniter\CodeIgniter->run()
11 SYSTEMPATH\Commands\Server\rewrite.php(47): require_once('C:\\laragon\\www\\Ecommerce\\public\\index.php')
CRITICAL - 2023-10-02 03:21:45 --> Undefined variable $pr
in APPPATH\Views\AllAdmin\Inventory.php on line 44.
 1 APPPATH\Views\AllAdmin\Inventory.php(44): CodeIgniter\Debug\Exceptions->errorHandler(2, 'Undefined variable $pr', 'C:\\laragon\\www\\Ecommerce\\app\\Views\\AllAdmin\\Inventory.php', 44)
 2 SYSTEMPATH\View\View.php(226): include('C:\\laragon\\www\\Ecommerce\\app\\Views\\AllAdmin\\Inventory.php')
 3 SYSTEMPATH\View\View.php(229): CodeIgniter\View\View->CodeIgniter\View\{closure}()
 4 SYSTEMPATH\Common.php(1188): CodeIgniter\View\View->render('AllAdmin/Inventory', [], true)
 5 APPPATH\Controllers\AdminController.php(18): view('AllAdmin/Inventory')
 6 SYSTEMPATH\CodeIgniter.php(919): App\Controllers\AdminController->Inventory()
 7 SYSTEMPATH\CodeIgniter.php(494): CodeIgniter\CodeIgniter->runController(Object(App\Controllers\AdminController))
 8 SYSTEMPATH\CodeIgniter.php(353): CodeIgniter\CodeIgniter->handleRequest(null, Object(Config\Cache), false)
 9 FCPATH\index.php(79): CodeIgniter\CodeIgniter->run()
10 SYSTEMPATH\Commands\Server\rewrite.php(47): require_once('C:\\laragon\\www\\Ecommerce\\public\\index.php')
CRITICAL - 2023-10-02 03:22:46 --> Undefined variable $pr
in APPPATH\Views\AllAdmin\Inventory.php on line 44.
 1 APPPATH\Views\AllAdmin\Inventory.php(44): CodeIgniter\Debug\Exceptions->errorHandler(2, 'Undefined variable $pr', 'C:\\laragon\\www\\Ecommerce\\app\\Views\\AllAdmin\\Inventory.php', 44)
 2 SYSTEMPATH\View\View.php(226): include('C:\\laragon\\www\\Ecommerce\\app\\Views\\AllAdmin\\Inventory.php')
 3 SYSTEMPATH\View\View.php(229): CodeIgniter\View\View->CodeIgniter\View\{closure}()
 4 SYSTEMPATH\Common.php(1188): CodeIgniter\View\View->render('AllAdmin/Inventory', [], true)
 5 APPPATH\Controllers\AdminController.php(18): view('AllAdmin/Inventory')
 6 SYSTEMPATH\CodeIgniter.php(919): App\Controllers\AdminController->Inventory()
 7 SYSTEMPATH\CodeIgniter.php(494): CodeIgniter\CodeIgniter->runController(Object(App\Controllers\AdminController))
 8 SYSTEMPATH\CodeIgniter.php(353): CodeIgniter\CodeIgniter->handleRequest(null, Object(Config\Cache), false)
 9 FCPATH\index.php(79): CodeIgniter\CodeIgniter->run()
10 SYSTEMPATH\Commands\Server\rewrite.php(47): require_once('C:\\laragon\\www\\Ecommerce\\public\\index.php')
CRITICAL - 2023-10-02 03:26:47 --> Undefined variable $product
in APPPATH\Views\AllAdmin\Inventory.php on line 130.
 1 APPPATH\Views\AllAdmin\Inventory.php(130): CodeIgniter\Debug\Exceptions->errorHandler(2, 'Undefined variable $product', 'C:\\laragon\\www\\Ecommerce\\app\\Views\\AllAdmin\\Inventory.php', 130)
 2 SYSTEMPATH\View\View.php(226): include('C:\\laragon\\www\\Ecommerce\\app\\Views\\AllAdmin\\Inventory.php')
 3 SYSTEMPATH\View\View.php(229): CodeIgniter\View\View->CodeIgniter\View\{closure}()
 4 SYSTEMPATH\Common.php(1188): CodeIgniter\View\View->render('AllAdmin/Inventory', [], true)
 5 APPPATH\Controllers\AdminController.php(18): view('AllAdmin/Inventory')
 6 SYSTEMPATH\CodeIgniter.php(919): App\Controllers\AdminController->Inventory()
 7 SYSTEMPATH\CodeIgniter.php(494): CodeIgniter\CodeIgniter->runController(Object(App\Controllers\AdminController))
 8 SYSTEMPATH\CodeIgniter.php(353): CodeIgniter\CodeIgniter->handleRequest(null, Object(Config\Cache), false)
 9 FCPATH\index.php(79): CodeIgniter\CodeIgniter->run()
10 SYSTEMPATH\Commands\Server\rewrite.php(47): require_once('C:\\laragon\\www\\Ecommerce\\public\\index.php')
CRITICAL - 2023-10-02 03:38:15 --> Undefined variable $products
in APPPATH\Views\AllAdmin\Inventory.php on line 14.
 1 APPPATH\Views\AllAdmin\Inventory.php(14): CodeIgniter\Debug\Exceptions->errorHandler(2, 'Undefined variable $products', 'C:\\laragon\\www\\Ecommerce\\app\\Views\\AllAdmin\\Inventory.php', 14)
 2 SYSTEMPATH\View\View.php(226): include('C:\\laragon\\www\\Ecommerce\\app\\Views\\AllAdmin\\Inventory.php')
 3 SYSTEMPATH\View\View.php(229): CodeIgniter\View\View->CodeIgniter\View\{closure}()
 4 SYSTEMPATH\Common.php(1188): CodeIgniter\View\View->render('AllAdmin/Inventory', [], true)
 5 APPPATH\Controllers\AdminController.php(18): view('AllAdmin/Inventory')
 6 SYSTEMPATH\CodeIgniter.php(919): App\Controllers\AdminController->Inventory()
 7 SYSTEMPATH\CodeIgniter.php(494): CodeIgniter\CodeIgniter->runController(Object(App\Controllers\AdminController))
 8 SYSTEMPATH\CodeIgniter.php(353): CodeIgniter\CodeIgniter->handleRequest(null, Object(Config\Cache), false)
 9 FCPATH\index.php(79): CodeIgniter\CodeIgniter->run()
10 SYSTEMPATH\Commands\Server\rewrite.php(47): require_once('C:\\laragon\\www\\Ecommerce\\public\\index.php')
CRITICAL - 2023-10-02 04:44:39 --> Invalid file: "Inventory.php"
in SYSTEMPATH\Exceptions\FrameworkException.php on line 39.
 1 SYSTEMPATH\View\View.php(214): CodeIgniter\Exceptions\FrameworkException::forInvalidFile('Inventory.php')
 2 SYSTEMPATH\Common.php(1188): CodeIgniter\View\View->render('Inventory', [], true)
 3 APPPATH\Controllers\AdminController.php(125): view('Inventory')
 4 SYSTEMPATH\CodeIgniter.php(919): App\Controllers\AdminController->addProduct()
 5 SYSTEMPATH\CodeIgniter.php(494): CodeIgniter\CodeIgniter->runController(Object(App\Controllers\AdminController))
 6 SYSTEMPATH\CodeIgniter.php(353): CodeIgniter\CodeIgniter->handleRequest(null, Object(Config\Cache), false)
 7 FCPATH\index.php(79): CodeIgniter\CodeIgniter->run()
 8 SYSTEMPATH\Commands\Server\rewrite.php(47): require_once('C:\\laragon\\www\\Ecommerce\\public\\index.php')
CRITICAL - 2023-10-02 04:45:18 --> Invalid file: "Inventory.php"
in SYSTEMPATH\Exceptions\FrameworkException.php on line 39.
 1 SYSTEMPATH\View\View.php(214): CodeIgniter\Exceptions\FrameworkException::forInvalidFile('Inventory.php')
 2 SYSTEMPATH\Common.php(1188): CodeIgniter\View\View->render('Inventory', [], true)
 3 APPPATH\Controllers\AdminController.php(125): view('Inventory')
 4 SYSTEMPATH\CodeIgniter.php(919): App\Controllers\AdminController->addProduct()
 5 SYSTEMPATH\CodeIgniter.php(494): CodeIgniter\CodeIgniter->runController(Object(App\Controllers\AdminController))
 6 SYSTEMPATH\CodeIgniter.php(353): CodeIgniter\CodeIgniter->handleRequest(null, Object(Config\Cache), false)
 7 FCPATH\index.php(79): CodeIgniter\CodeIgniter->run()
 8 SYSTEMPATH\Commands\Server\rewrite.php(47): require_once('C:\\laragon\\www\\Ecommerce\\public\\index.php')
CRITICAL - 2023-10-02 07:44:49 --> Invalid file: "nclude/login.php"
in SYSTEMPATH\Exceptions\FrameworkException.php on line 39.
 1 SYSTEMPATH\View\View.php(214): CodeIgniter\Exceptions\FrameworkException::forInvalidFile('nclude/login.php')
 2 SYSTEMPATH\Common.php(1188): CodeIgniter\View\View->render('nclude/login', [], true)
 3 APPPATH\Controllers\Homes.php(45): view('nclude/login', [])
 4 SYSTEMPATH\CodeIgniter.php(919): App\Controllers\Homes->login()
 5 SYSTEMPATH\CodeIgniter.php(494): CodeIgniter\CodeIgniter->runController(Object(App\Controllers\Homes))
 6 SYSTEMPATH\CodeIgniter.php(353): CodeIgniter\CodeIgniter->handleRequest(null, Object(Config\Cache), false)
 7 FCPATH\index.php(79): CodeIgniter\CodeIgniter->run()
 8 SYSTEMPATH\Commands\Server\rewrite.php(47): require_once('C:\\laragon\\www\\Ecommerce\\public\\index.php')
